pit_handler called
pit_handler called
pit_handler called
pit_handler called
end of kmain()
pit_handler called
pit_handler called
pit_handler called
pit_handler called
pit_handler called
pit_handler called
pit_handler called
pit_handler called
pit_handler called
pit_handler called
pit_handler called
pit_handler called
pit_handler called
pit_handler called
pit_handler called
pit_handler called
pit_handler called
pit_handler called
pit_handler called
pit_handler called
pit_handler called
pit_handler called
pit_handler called
pit_handler called
pit_handler called
pit_handler called
pit_handler called
pit_handler called
pit_handler called
pit_handler called
pit_handler called
pit_handler called
pit_handler called
pit_handler called
pit_handler called
pit_handler called
pit_handler called
pit_handler called
pit_handler called
pit_handler called
pit_handler called
pit_handler called
pit_handler called
pit_handler called
pit_handler called
pit_handler called
pit_handler called
pit_handler called
pit_handler called
pit_handler called
pit_handler called
pit_handler called
pit_handler called
pit_handler called
pit_handler called
pit_handler called
pit_handler called
pit_handler called
pit_handler called
pit_handler called
pit_handler called
pit_handler called
pit_handler called
pit_handler called
pit_handler called
pit_handler called
pit_handler called
pit_handler called
pit_handler called
pit_handler called
pit_handler called
pit_handler called
pit_handler called
pit_handler called
pit_handler called
pit_handler called
pit_handler called
pit_handler called
pit_handler called
pit_handler called
pit_handler called
pit_handler called
pit_handler called
pit_handler called
pit_handler called
pit_handler called
pit_handler called
pit_handler called
pit_handler called
pit_handler called
pit_handler called
pit_handler called
pit_handler called
pit_handler called
pit_handler called
pit_handler called
pit_handler called
pit_handler called
pit_handler called
pit_handler called
try switch task...
general_protection_fault_exception!
error_code = 50
00000000000000000000000000110010
general_protection_fault_exception!
error_code = 50
00000000000000000000000000110010
general_protection_fault_exception!
error_code = 50
00000000000000000000000000110010
general_protection_fault_exception!
error_code = 50
00000000000000000000000000110010
general_protection_fault_exception!
error_code = 50
00000000000000000000000000110010
general_protection_fault_exception!
error_code = 50
00000000000000000000000000110010
general_protection_fault_exception!
error_code = 50
00000000000000000000000000110010
general_protection_fault_exception!
error_code = 50
00000000000000000000000000110010
general_protection_fault_exception!
error_code = 50
00000000000000000000000000110010
general_protection_fault_exception!
error_code = 50
00000000000000000000000000110010
general_protection_fault_exception!
error_code = 50
00000000000000000000000000110010
